<?xml version="1.0" encoding="UTF-8"?>
<!-- Generated by org.testng.reporters.JUnitReportReporter -->
<testsuite hostname="Lauras-MacBook-Pro.local" failures="0" tests="1" name="gorestautomation.feb2024.AppTest" time="5.076" errors="0" timestamp="2024-02-27T08:58:50 WIB" skipped="0">
  <testcase classname="gorestautomation.feb2024.AppTest" name="shouldAnswerWithTrue" time="5.076"/>
  <system-out/>
</testsuite> <!-- gorestautomation.feb2024.AppTest -->
