<?xml version="1.0" encoding="UTF-8"?>
<!-- Generated by org.testng.reporters.JUnitReportReporter -->
<testsuite hostname="Lauras-MacBook-Pro.local" failures="0" tests="19" name="gorestautomation.feb2024.APITestAfterRefactor" time="26.258" errors="0" timestamp="2024-04-04T07:56:00 WIB" skipped="0">
  <testcase classname="gorestautomation.feb2024.APITestAfterRefactor" name="createNewUserAPI6" time="0.205"/>
  <system-out/>
  <testcase classname="gorestautomation.feb2024.APITestAfterRefactor" name="updateUserDetailsAPI" time="0.294"/>
  <system-out/>
  <testcase classname="gorestautomation.feb2024.APITestAfterRefactor" name="createNewUserAPI" time="7.139"/>
  <system-out/>
  <testcase classname="gorestautomation.feb2024.APITestAfterRefactor" name="deleteUserAPI" time="0.550"/>
  <system-out/>
  <testcase classname="gorestautomation.feb2024.APITestAfterRefactor" name="deleteUserAPI2" time="0.431"/>
  <system-out/>
  <testcase classname="gorestautomation.feb2024.APITestAfterRefactor" name="updateUserDetailsAPI7" time="5.400"/>
  <system-out/>
  <testcase classname="gorestautomation.feb2024.APITestAfterRefactor" name="createNewUserAPI4" time="0.421"/>
  <system-out/>
  <testcase classname="gorestautomation.feb2024.APITestAfterRefactor" name="getUserDetailAPI3" time="0.379"/>
  <system-out/>
  <testcase classname="gorestautomation.feb2024.APITestAfterRefactor" name="updateUserDetailsAPI6" time="0.327"/>
  <system-out/>
  <testcase classname="gorestautomation.feb2024.APITestAfterRefactor" name="updateUserDetailsAPI4" time="0.449"/>
  <system-out/>
  <testcase classname="gorestautomation.feb2024.APITestAfterRefactor" name="createNewUserAPI3" time="0.406"/>
  <system-out/>
  <testcase classname="gorestautomation.feb2024.APITestAfterRefactor" name="getUserDetailAPI4" time="0.467"/>
  <system-out/>
  <testcase classname="gorestautomation.feb2024.APITestAfterRefactor" name="updateUserDetailsAPI2" time="0.369"/>
  <system-out/>
  <testcase classname="gorestautomation.feb2024.APITestAfterRefactor" name="createNewUserAPI5" time="0.330"/>
  <system-out/>
  <testcase classname="gorestautomation.feb2024.APITestAfterRefactor" name="updateUserDetailsAPI5" time="0.506"/>
  <system-out/>
  <testcase classname="gorestautomation.feb2024.APITestAfterRefactor" name="createNewUserAPI2" time="1.356"/>
  <system-out/>
  <testcase classname="gorestautomation.feb2024.APITestAfterRefactor" name="getUserDetailAPI2" time="0.381"/>
  <system-out/>
  <testcase classname="gorestautomation.feb2024.APITestAfterRefactor" name="getUserDetailAPI" time="6.258"/>
  <system-out/>
  <testcase classname="gorestautomation.feb2024.APITestAfterRefactor" name="updateUserDetailsAPI3" time="0.590"/>
  <system-out/>
</testsuite> <!-- gorestautomation.feb2024.APITestAfterRefactor -->
